C:\Users\Nicolas\Documents\Visual Studio 2010\Projects\Cours WxWidget\MesTest\Debug\ProjetVide.exe
C:\Users\Nicolas\Documents\Visual Studio 2010\Projects\Cours WxWidget\MesTest\Debug\ProjetVide.ilk
C:\Users\Nicolas\Documents\Visual Studio 2010\Projects\Cours WxWidget\MesTest\Debug\ProjetVide.pdb
C:\Users\Nicolas\Documents\Visual Studio 2010\Projects\Cours WxWidget\MesTest\ProjetVide\Debug\cl.command.1.tlog
C:\Users\Nicolas\Documents\Visual Studio 2010\Projects\Cours WxWidget\MesTest\ProjetVide\Debug\CL.read.1.tlog
C:\Users\Nicolas\Documents\Visual Studio 2010\Projects\Cours WxWidget\MesTest\ProjetVide\Debug\CL.write.1.tlog
C:\Users\Nicolas\Documents\Visual Studio 2010\Projects\Cours WxWidget\MesTest\ProjetVide\Debug\link.4520.read.1.tlog
C:\Users\Nicolas\Documents\Visual Studio 2010\Projects\Cours WxWidget\MesTest\ProjetVide\Debug\link.4520.write.1.tlog
C:\Users\Nicolas\Documents\Visual Studio 2010\Projects\Cours WxWidget\MesTest\ProjetVide\Debug\link.4520-cvtres.read.1.tlog
C:\Users\Nicolas\Documents\Visual Studio 2010\Projects\Cours WxWidget\MesTest\ProjetVide\Debug\link.4520-cvtres.write.1.tlog
C:\Users\Nicolas\Documents\Visual Studio 2010\Projects\Cours WxWidget\MesTest\ProjetVide\Debug\link.command.1.tlog
C:\Users\Nicolas\Documents\Visual Studio 2010\Projects\Cours WxWidget\MesTest\ProjetVide\Debug\link.read.1.tlog
C:\Users\Nicolas\Documents\Visual Studio 2010\Projects\Cours WxWidget\MesTest\ProjetVide\Debug\link.write.1.tlog
C:\Users\Nicolas\Documents\Visual Studio 2010\Projects\Cours WxWidget\MesTest\ProjetVide\Debug\link-cvtres.read.1.tlog
C:\Users\Nicolas\Documents\Visual Studio 2010\Projects\Cours WxWidget\MesTest\ProjetVide\Debug\link-cvtres.write.1.tlog
C:\Users\Nicolas\Documents\Visual Studio 2010\Projects\Cours WxWidget\MesTest\ProjetVide\Debug\MaFenetre.obj
C:\Users\Nicolas\Documents\Visual Studio 2010\Projects\Cours WxWidget\MesTest\ProjetVide\Debug\MonApp.obj
C:\Users\Nicolas\Documents\Visual Studio 2010\Projects\Cours WxWidget\MesTest\ProjetVide\Debug\mt.command.1.tlog
C:\Users\Nicolas\Documents\Visual Studio 2010\Projects\Cours WxWidget\MesTest\ProjetVide\Debug\mt.read.1.tlog
C:\Users\Nicolas\Documents\Visual Studio 2010\Projects\Cours WxWidget\MesTest\ProjetVide\Debug\mt.write.1.tlog
C:\Users\Nicolas\Documents\Visual Studio 2010\Projects\Cours WxWidget\MesTest\ProjetVide\Debug\ProjetVide.exe.embed.manifest
C:\Users\Nicolas\Documents\Visual Studio 2010\Projects\Cours WxWidget\MesTest\ProjetVide\Debug\ProjetVide.exe.embed.manifest.res
C:\Users\Nicolas\Documents\Visual Studio 2010\Projects\Cours WxWidget\MesTest\ProjetVide\Debug\ProjetVide.exe.intermediate.manifest
C:\Users\Nicolas\Documents\Visual Studio 2010\Projects\Cours WxWidget\MesTest\ProjetVide\Debug\ProjetVide_manifest.rc
C:\Users\Nicolas\Documents\Visual Studio 2010\Projects\Cours WxWidget\MesTest\ProjetVide\Debug\rc.command.1.tlog
C:\Users\Nicolas\Documents\Visual Studio 2010\Projects\Cours WxWidget\MesTest\ProjetVide\Debug\rc.read.1.tlog
C:\Users\Nicolas\Documents\Visual Studio 2010\Projects\Cours WxWidget\MesTest\ProjetVide\Debug\rc.write.1.tlog
C:\Users\Nicolas\Documents\Visual Studio 2010\Projects\Cours WxWidget\MesTest\ProjetVide\Debug\vc100.idb
C:\Users\Nicolas\Documents\Visual Studio 2010\Projects\Cours WxWidget\MesTest\ProjetVide\Debug\vc100.pdb
C:\USERS\NICOREIT\DESKTOP\COURS WXWIDGET\MESTEST\DEBUG\PROJETVIDE.EXE
C:\USERS\NICOREIT\DESKTOP\COURS WXWIDGET\MESTEST\DEBUG\PROJETVIDE.ILK
C:\USERS\NICOREIT\DESKTOP\COURS WXWIDGET\MESTEST\DEBUG\PROJETVIDE.PDB
C:\USERS\NICOREIT\DESKTOP\COURS WXWIDGET\MESTEST\PROJETVIDE\DEBUG\MAFENETRE.OBJ
C:\USERS\NICOREIT\DESKTOP\COURS WXWIDGET\MESTEST\PROJETVIDE\DEBUG\MONAPP.OBJ
C:\USERS\NICOREIT\DESKTOP\COURS WXWIDGET\MESTEST\PROJETVIDE\DEBUG\PROJETVIDE.EXE.EMBED.MANIFEST
C:\USERS\NICOREIT\DESKTOP\COURS WXWIDGET\MESTEST\PROJETVIDE\DEBUG\PROJETVIDE.EXE.EMBED.MANIFEST.RES
C:\USERS\NICOREIT\DESKTOP\COURS WXWIDGET\MESTEST\PROJETVIDE\DEBUG\PROJETVIDE.EXE.INTERMEDIATE.MANIFEST
C:\USERS\NICOREIT\DESKTOP\COURS WXWIDGET\MESTEST\PROJETVIDE\DEBUG\VC100.PDB
