La génération a démarré 09/01/2012 14:06:23.
     1>Projet "C:\Users\NicolasMac\Documents\Visual Studio 2010\Projects\Haptique\ProjetVide\ProjetVide.vcxproj" sur le nœud 2 (build cible(s)).
     1>InitializeBuildStatus:
         Création de "Debug\ProjetVide.unsuccessfulbuild", car "AlwaysCreate" a été spécifié.
       ClCompile:
         c:\Program Files\Microsoft Visual Studio 10.0\VC\bin\CL.exe /c /I"C:\wxWidgets-2.8.12\include" /I"C:\wxWidgets-2.8.12/lib/vc_lib/mswd" /ZI /nologo /W4 /WX- /Od /Oy- /D WIN32 /D _DEBUG /D _WINDOWS /D WINVER=0x0400 /D wxUSE_GUI=1 /D __WXDEBUG__ /D _MBCS /Gm /EHsc /RTC1 /MDd /GS /fp:precise /Zc:wchar_t /Zc:forScope /Fo"Debug\\" /Fd"Debug\vc100.pdb" /Gd /TP /analyze- /errorReport:prompt MaFenetre.cpp
         MaFenetre.cpp
     1>c:\users\nicolasmac\documents\visual studio 2010\projects\haptique\projetvide\mafenetre.cpp(24): warning C4100: 'event' : paramètre formel non référencé
       ManifestResourceCompile:
         Toutes les sorties sont à jour.
       Link:
         c:\Program Files\Microsoft Visual Studio 10.0\VC\bin\link.exe /ERRORREPORT:PROMPT /OUT:"C:\Users\NicolasMac\Documents\Visual Studio 2010\Projects\Haptique\Debug\ProjetVide.exe" /INCREMENTAL /NOLOGO /LIBPATH:"C:\wxWidgets-2.8.12\lib/vc_lib" wxbase28d.lib wxmsw28d_core.lib comctl32.lib rpcrt4.lib kernel32.lib user32.lib gdi32.lib winspool.lib comdlg32.lib advapi32.lib shell32.lib ole32.lib oleaut32.lib uuid.lib odbc32.lib odbccp32.lib /MANIFEST /ManifestFile:"Debug\ProjetVide.exe.intermediate.manifest" /MANIFESTUAC:"level='asInvoker' uiAccess='false'" /DEBUG /PDB:"C:\Users\NicolasMac\Documents\Visual Studio 2010\Projects\Haptique\Debug\ProjetVide.pdb" /SUBSYSTEM:WINDOWS /TLBID:1 /DYNAMICBASE /NXCOMPAT /IMPLIB:"C:\Users\NicolasMac\Documents\Visual Studio 2010\Projects\Haptique\Debug\ProjetVide.lib" /MACHINE:X86 Debug\ProjetVide.exe.embed.manifest.res
         Debug\ElementAAfficher.obj
         Debug\GUIPalet.obj
         Debug\GUIRaquette.obj
         Debug\GUITerrain.obj
         Debug\MaFenetre.obj
         Debug\MonApp.obj
         Debug\Palet.obj
         Debug\Raquette.obj
         Debug\Terrain.obj
       Manifest:
         C:\Program Files\Microsoft SDKs\Windows\v7.0A\bin\mt.exe /nologo /verbose /out:"Debug\ProjetVide.exe.embed.manifest" /manifest Debug\ProjetVide.exe.intermediate.manifest
         Toutes les sorties sont à jour.
       LinkEmbedManifest:
         Toutes les sorties sont à jour.
         ProjetVide.vcxproj -> C:\Users\NicolasMac\Documents\Visual Studio 2010\Projects\Haptique\Debug\ProjetVide.exe
       FinalizeBuildStatus:
         Suppression du fichier "Debug\ProjetVide.unsuccessfulbuild".
         Mise à jour de l'horodatage "Debug\ProjetVide.lastbuildstate".
     1>Génération du projet "C:\Users\NicolasMac\Documents\Visual Studio 2010\Projects\Haptique\ProjetVide\ProjetVide.vcxproj" terminée (build cible(s)).

La génération a réussi.

Temps écoulé 00:00:04.35
